<?xml version="1.0" encoding="UTF-8" ?>
<testsuite failures="0" time="0.061" errors="0" skipped="0" tests="5" name="at.edu.c02.calculator.logic.CalculatorTest">
  <properties>
[...]
</properties>
  <testcase time="0.004" classname="at.edu.c02.calculator.logic.CalculatorTest" name="testSimpleAddOperation"/>
  <testcase time="0" classname="at.edu.c02.calculator.logic.CalculatorTest" name="testSimpleMulOperation"/>
  <testcase time="0.001" classname="at.edu.c02.calculator.logic.CalculatorTest" name="testSimpleDivOperation"/>
  <testcase time="0" classname="at.edu.c02.calculator.logic.CalculatorTest" name="testPopOnEmptyStack"/>
  <testcase time="0" classname="at.edu.c02.calculator.logic.CalculatorTest" name="testDivisionByZero"/>
</testsuite>